\BOOKMARK [1][-]{section.1}{\376\377\004\037\004\076\004\070\004\101\004\072\000\040\004\077\004\100\004\117\004\074\004\113\004\105}{}% 1
\BOOKMARK [2][-]{subsection.1.1}{\376\377\004\030\004\067\004\076\004\061\004\100\004\060\004\066\004\065\004\075\004\070\004\065\000\040\041\026\0001}{section.1}% 2
\BOOKMARK [3][-]{subsubsection.1.1.1}{\376\377\004\030\004\101\004\105\004\076\004\064\004\075\004\076\004\065\000\040\004\070\004\067\004\076\004\061\004\100\004\060\004\066\004\065\004\075\004\070\004\065}{subsection.1.1}% 3
\BOOKMARK [3][-]{subsubsection.1.1.2}{\376\377\004\036\004\061\004\100\004\060\004\061\004\076\004\102\004\060\004\075\004\075\004\076\004\065\000\040\004\060\004\073\004\063\004\076\004\100\004\070\004\102\004\074\004\076\004\074\000\040\004\032\004\115\004\075\004\075\004\070}{subsection.1.1}% 4
\BOOKMARK [2][-]{subsection.1.2}{\376\377\004\030\004\067\004\076\004\061\004\100\004\060\004\066\004\065\004\075\004\070\004\065\000\040\041\026\0002}{section.1}% 5
\BOOKMARK [3][-]{subsubsection.1.2.1}{\376\377\004\030\004\101\004\105\004\076\004\064\004\075\004\076\004\065\000\040\004\070\004\067\004\076\004\061\004\100\004\060\004\066\004\065\004\075\004\070\004\065}{subsection.1.2}% 6
\BOOKMARK [3][-]{subsubsection.1.2.2}{\376\377\004\036\004\061\004\100\004\060\004\061\004\076\004\102\004\060\004\075\004\075\004\076\004\065\000\040\004\060\004\073\004\063\004\076\004\100\004\070\004\102\004\074\004\076\004\074\000\040\004\032\004\115\004\075\004\075\004\070}{subsection.1.2}% 7
\BOOKMARK [2][-]{subsection.1.3}{\376\377\004\030\004\067\004\076\004\061\004\100\004\060\004\066\004\065\004\075\004\070\004\065\000\040\041\026\0003}{section.1}% 8
\BOOKMARK [3][-]{subsubsection.1.3.1}{\376\377\004\030\004\101\004\105\004\076\004\064\004\075\004\076\004\065\000\040\004\070\004\067\004\076\004\061\004\100\004\060\004\066\004\065\004\075\004\070\004\065}{subsection.1.3}% 9
\BOOKMARK [3][-]{subsubsection.1.3.2}{\376\377\004\036\004\061\004\100\004\060\004\061\004\076\004\102\004\060\004\075\004\075\004\076\004\065\000\040\004\060\004\073\004\063\004\076\004\100\004\070\004\102\004\074\004\076\004\074\000\040\004\032\004\115\004\075\004\075\004\070}{subsection.1.3}% 10
\BOOKMARK [1][-]{section.2}{\376\377\004\037\004\076\004\070\004\101\004\072\000\040\004\076\004\072\004\100\004\103\004\066\004\075\004\076\004\101\004\102\004\065\004\071}{}% 11
\BOOKMARK [2][-]{subsection.2.1}{\376\377\004\030\004\067\004\076\004\061\004\100\004\060\004\066\004\065\004\075\004\070\004\065\000\040\041\026\0001}{section.2}% 12
\BOOKMARK [3][-]{subsubsection.2.1.1}{\376\377\004\030\004\101\004\105\004\076\004\064\004\075\004\076\004\065\000\040\004\070\004\067\004\076\004\061\004\100\004\060\004\066\004\065\004\075\004\070\004\065}{subsection.2.1}% 13
\BOOKMARK [3][-]{subsubsection.2.1.2}{\376\377\004\036\004\061\004\100\004\060\004\061\004\076\004\102\004\060\004\075\004\075\004\076\004\065\000\040\004\060\004\073\004\063\004\076\004\100\004\070\004\102\004\074\004\076\004\074\000\040\004\032\004\115\004\075\004\075\004\070}{subsection.2.1}% 14
\BOOKMARK [2][-]{subsection.2.2}{\376\377\004\030\004\067\004\076\004\061\004\100\004\060\004\066\004\065\004\075\004\070\004\065\000\040\041\026\0002}{section.2}% 15
\BOOKMARK [3][-]{subsubsection.2.2.1}{\376\377\004\030\004\101\004\105\004\076\004\064\004\075\004\076\004\065\000\040\004\070\004\067\004\076\004\061\004\100\004\060\004\066\004\065\004\075\004\070\004\065}{subsection.2.2}% 16
\BOOKMARK [3][-]{subsubsection.2.2.2}{\376\377\004\036\004\061\004\100\004\060\004\061\004\076\004\102\004\060\004\075\004\075\004\076\004\065\000\040\004\060\004\073\004\063\004\076\004\100\004\070\004\102\004\074\004\076\004\074\000\040\004\032\004\115\004\075\004\075\004\070}{subsection.2.2}% 17
\BOOKMARK [2][-]{subsection.2.3}{\376\377\004\030\004\067\004\076\004\061\004\100\004\060\004\066\004\065\004\075\004\070\004\065\000\040\041\026\0003}{section.2}% 18
\BOOKMARK [3][-]{subsubsection.2.3.1}{\376\377\004\030\004\101\004\105\004\076\004\064\004\075\004\076\004\065\000\040\004\070\004\067\004\076\004\061\004\100\004\060\004\066\004\065\004\075\004\070\004\065}{subsection.2.3}% 19
\BOOKMARK [3][-]{subsubsection.2.3.2}{\376\377\004\036\004\061\004\100\004\060\004\061\004\076\004\102\004\060\004\075\004\075\004\076\004\065\000\040\004\060\004\073\004\063\004\076\004\100\004\070\004\102\004\074\004\076\004\074\000\040\004\032\004\115\004\075\004\075\004\070}{subsection.2.3}% 20
\BOOKMARK [1][-]{section.3}{\376\377\004\036\004\102\004\062\004\065\004\102\004\113\000\040\004\075\004\060\000\040\004\062\004\076\004\077\004\100\004\076\004\101\004\113}{}% 21
